生成启动时间为 2015/6/22 11:06:25。
     1>项目“D:\coco\projects\ShootShrewmouse\cocos2d\cocos\2d\cocos2d.vcxproj”在节点 2 上(Build 个目标)。
     1>PrepareForBuild:
         正在创建目录“D:\coco\projects\ShootShrewmouse\proj.win32\Release.win32\”。
       InitializeBuildStatus:
         正在创建“Release.win32\libcocos2d.unsuccessfulbuild”，因为已指定“AlwaysCreate”。
       ClCompile:
         C:\Program Files (x86)\Microsoft Visual Studio 11.0\VC\bin\CL.exe /c /I"C:\Program Files (x86)\Microsoft SDKs\Windows\v7.1A\include" /ID:\coco\projects\ShootShrewmouse\cocos2d\cocos\2d\..\..\external\sqlite3\include /ID:\coco\projects\ShootShrewmouse\cocos2d\cocos\2d\..\..\external\unzip /ID:\coco\projects\ShootShrewmouse\cocos2d\cocos\2d\..\..\external\edtaa3func /ID:\coco\projects\ShootShrewmouse\cocos2d\cocos\2d\..\..\external\tinyxml2 /ID:\coco\projects\ShootShrewmouse\cocos2d\cocos\2d\..\..\external\png\include\win32 /ID:\coco\projects\ShootShrewmouse\cocos2d\cocos\2d\..\..\external\jpeg\include\win32 /ID:\coco\projects\ShootShrewmouse\cocos2d\cocos\2d\..\..\external\tiff\include\win32 /ID:\coco\projects\ShootShrewmouse\cocos2d\cocos\2d\..\..\external\webp\include\win32 /ID:\coco\projects\ShootShrewmouse\cocos2d\cocos\2d\..\..\external\freetype2\include\win32 /I"D:\coco\projects\ShootShrewmouse\cocos2d\cocos\2d\..\..\external\win32-specific\icon\include" /I"D:\coco\projects\ShootShrewmouse\cocos2d\cocos\2d\..\..\external\win32-specific\zlib\include" /ID:\coco\projects\ShootShrewmouse\cocos2d\cocos\2d\..\..\external\chipmunk\include\chipmunk /ID:\coco\projects\ShootShrewmouse\cocos2d\cocos\2d\..\..\external\xxhash /ID:\coco\projects\ShootShrewmouse\cocos2d\cocos\2d\..\..\external\ConvertUTF /ID:\coco\projects\ShootShrewmouse\cocos2d\cocos\2d\..\..\external /ID:\coco\projects\ShootShrewmouse\cocos2d\cocos\2d\..\..\cocos /ID:\coco\projects\ShootShrewmouse\cocos2d\cocos\2d\..\..\cocos\platform\win32 /ID:\coco\projects\ShootShrewmouse\cocos2d\cocos\2d\..\..\cocos\platform\desktop /ID:\coco\projects\ShootShrewmouse\cocos2d\cocos\2d\..\..\external\glfw3\include\win32 /I"D:\coco\projects\ShootShrewmouse\cocos2d\cocos\2d\..\..\external\win32-specific\gles\include\OGLES" /nologo /W3 /WX- /MP /O1 /Oy- /D WIN32 /D NDEBUG /D _WINDOWS /D _LIB /D COCOS2DXWIN32_EXPORTS /D GL_GLEXT_PROTOTYPES /D _CRT_SECURE_NO_WARNINGS /D _SCL_SECURE_NO_WARNINGS /D _VARIADIC_MAX=10 /D _UNICODE /D UNICODE /Gm- /EHsc /MD /GS /fp:precise /Zc:wchar_t /Zc:forScope /Fo"Release.win32\\" /Fd"Release.win32\vc110.pdb" /Gd /TP /wd4267 /wd4251 /wd4244 /analyze- /errorReport:prompt ..\..\external\ConvertUTF\ConvertUTF.c ..\..\external\ConvertUTF\ConvertUTFWrapper.cpp ..\..\external\edtaa3func\edtaa3func.cpp ..\..\external\tinyxml2\tinyxml2.cpp ..\..\external\unzip\ioapi.cpp ..\..\external\unzip\unzip.cpp ..\..\external\xxhash\xxhash.c ..\3d\CCAnimate3D.cpp ..\3d\CCAnimation3D.cpp ..\3d\CCBundle3D.cpp ..\3d\CCBundleReader.cpp ..\3d\CCMesh.cpp ..\3d\CCMeshSkin.cpp ..\3d\CCObjLoader.cpp ..\3d\CCSprite3D.cpp ..\3d\CCSprite3DMaterial.cpp ..\base\atitc.cpp ..\base\base64.cpp ..\base\CCAutoreleasePool.cpp ..\base\ccCArray.cpp ..\base\CCConfiguration.cpp ..\base\CCConsole.cpp ..\base\CCData.cpp ..\base\CCDataVisitor.cpp ..\base\CCDirector.cpp ..\base\CCEvent.cpp ..\base\CCEventAcceleration.cpp ..\base\CCEventCustom.cpp ..\base\CCEventDispatcher.cpp ..\base\CCEventFocus.cpp ..\base\CCEventKeyboard.cpp ..\base\CCEventListener.cpp ..\base\CCEventListenerAcceleration.cpp ..\base\CCEventListenerCustom.cpp ..\base\CCEventListenerFocus.cpp ..\base\CCEventListenerKeyboard.cpp ..\base\CCEventListenerMouse.cpp ..\base\CCEventListenerTouch.cpp ..\base\CCEventMouse.cpp ..\base\CCEventTouch.cpp ..\base\ccFPSImages.c ..\base\CCIMEDispatcher.cpp ..\base\CCNS.cpp ..\base\CCProfiling.cpp ..\base\CCRef.cpp ..\base\CCScheduler.cpp ..\base\CCScriptSupport.cpp ..\base\CCTouch.cpp ..\base\ccTypes.cpp ..\base\CCUserDefault.cpp ..\base\ccUTF8.cpp ..\base\ccUtils.cpp ..\base\CCValue.cpp ..\base\etc1.cpp ..\base\ObjectFactory.cpp ..\base\s3tc.cpp ..\base\TGAlib.cpp ..\base\ZipUtils.cpp ..\cocos2d.cpp ..\deprecated\CCArray.cpp ..\deprecated\CCDeprecated.cpp ..\deprecated\CCDictionary.cpp ..\deprecated\CCNotificationCenter.cpp ..\deprecated\CCSet.cpp ..\deprecated\CCString.cpp ..\math\CCAffineTransform.cpp ..\math\CCGeometry.cpp ..\math\CCVertex.cpp ..\math\Mat4.cpp ..\math\MathUtil.cpp ..\math\Quaternion.cpp ..\math\TransformUtils.cpp ..\math\Vec2.cpp ..\math\Vec3.cpp ..\math\Vec4.cpp ..\physics\CCPhysicsBody.cpp ..\physics\CCPhysicsContact.cpp ..\physics\CCPhysicsJoint.cpp ..\physics\CCPhysicsShape.cpp ..\physics\CCPhysicsWorld.cpp ..\physics\chipmunk\CCPhysicsBodyInfo_chipmunk.cpp ..\physics\chipmunk\CCPhysicsContactInfo_chipmunk.cpp ..\physics\chipmunk\CCPhysicsJointInfo_chipmunk.cpp ..\physics\chipmunk\CCPhysicsShapeInfo_chipmunk.cpp ..\physics\chipmunk\CCPhysicsWorldInfo_chipmunk.cpp ..\platform\CCFileUtils.cpp ..\platform\CCGLViewProtocol.cpp ..\platform\CCImage.cpp ..\platform\CCSAXParser.cpp ..\platform\CCThread.cpp ..\platform\desktop\CCGLView.cpp ..\platform\win32\CCApplication.cpp ..\platform\win32\CCCommon.cpp ..\platform\win32\CCDevice.cpp ..\platform\win32\CCFileUtilsWin32.cpp ..\platform\win32\CCStdC.cpp ..\renderer\CCBatchCommand.cpp ..\renderer\CCCustomCommand.cpp ..\renderer\CCGLProgram.cpp ..\renderer\CCGLProgramCache.cpp ..\renderer\CCGLProgramState.cpp ..\renderer\CCGLProgramStateCache.cpp ..\renderer\ccGLStateCache.cpp ..\renderer\CCGroupCommand.cpp ..\renderer\CCMeshCommand.cpp ..\renderer\CCQuadCommand.cpp ..\renderer\CCRenderCommand.cpp ..\renderer\CCRenderer.cpp ..\renderer\ccShaders.cpp ..\renderer\CCTexture2D.cpp ..\renderer\CCTextureAtlas.cpp ..\renderer\CCTextureCache.cpp CCAction.cpp CCActionCamera.cpp CCActionCatmullRom.cpp CCActionEase.cpp CCActionGrid.cpp CCActionGrid3D.cpp CCActionInstant.cpp CCActionInterval.cpp CCActionManager.cpp CCActionPageTurn3D.cpp CCActionProgressTimer.cpp CCActionTiledGrid.cpp CCActionTween.cpp CCAnimation.cpp CCAnimationCache.cpp CCAtlasNode.cpp CCClippingNode.cpp CCComponent.cpp CCComponentContainer.cpp CCDrawingPrimitives.cpp CCDrawNode.cpp CCFastTMXLayer.cpp CCFastTMXTiledMap.cpp CCFont.cpp CCFontAtlas.cpp CCFontAtlasCache.cpp CCFontCharMap.cpp CCFontFNT.cpp CCFontFreeType.cpp CCGLBufferedNode.cpp CCGrabber.cpp CCGrid.cpp CCLabel.cpp CCLabelAtlas.cpp CCLabelBMFont.cpp CCLabelTextFormatter.cpp CCLabelTTF.cpp CCLayer.cpp CCMenu.cpp CCMenuItem.cpp CCMotionStreak.cpp CCNode.cpp CCNodeGrid.cpp CCParallaxNode.cpp CCParticleBatchNode.cpp CCParticleExamples.cpp CCParticleSystem.cpp CCParticleSystemQuad.cpp CCProgressTimer.cpp CCRenderTexture.cpp CCScene.cpp CCSprite.cpp CCSpriteBatchNode.cpp CCSpriteFrame.cpp CCSpriteFrameCache.cpp CCTextFieldTTF.cpp CCTileMapAtlas.cpp CCTMXLayer.cpp CCTMXObjectGroup.cpp CCTMXTiledMap.cpp CCTMXXMLParser.cpp CCTransition.cpp CCTransitionPageTurn.cpp CCTransitionProgress.cpp CCTweenFunction.cpp
         ConvertUTF.c
         ConvertUTFWrapper.cpp
         edtaa3func.cpp
         tinyxml2.cpp
         ioapi.cpp
         unzip.cpp
         xxhash.c
     1>..\..\external\xxhash\xxhash.c(312): warning C4804: “/”: 在操作中使用类型“bool”不安全
         CCAnimate3D.cpp
         CCAnimation3D.cpp
     1>..\3d\CCAnimate3D.cpp(98): warning C4018: “<”: 有符号/无符号不匹配
         CCBundle3D.cpp
         CCBundleReader.cpp
     1>..\3d\CCBundle3D.cpp(107): warning C4018: “<”: 有符号/无符号不匹配
     1>..\3d\CCBundle3D.cpp(494): warning C4018: “<”: 有符号/无符号不匹配
         CCMesh.cpp
         CCMeshSkin.cpp
         CCObjLoader.cpp
     1>..\3d\CCMeshSkin.cpp(301): warning C4018: “<”: 有符号/无符号不匹配
     1>..\3d\CCMeshSkin.cpp(307): warning C4018: “<”: 有符号/无符号不匹配
     1>..\3d\CCMeshSkin.cpp(335): warning C4018: “<”: 有符号/无符号不匹配
     1>..\3d\CCMeshSkin.cpp(338): warning C4018: “<”: 有符号/无符号不匹配
         CCSprite3D.cpp
     1>D:\coco\projects\ShootShrewmouse\cocos2d\cocos\2d\..\..\cocos\base/ccUtils.h : warning C4819: 该文件包含不能在当前代码页(936)中表示的字符。请将该文件保存为 Unicode 格式以防止数据丢失 (..\3d\CCObjLoader.cpp)
         CCSprite3DMaterial.cpp
     1>..\3d\CCSprite3D.cpp(52): warning C4390: “;”: 找到空的受控语句；这是否是有意的?
         atitc.cpp
         base64.cpp
         CCAutoreleasePool.cpp
         ccCArray.cpp
         CCConfiguration.cpp
         CCConsole.cpp
         CCData.cpp
         CCDataVisitor.cpp
     1>D:\coco\projects\ShootShrewmouse\cocos2d\cocos\2d\..\..\cocos\base/ccUtils.h : warning C4819: 该文件包含不能在当前代码页(936)中表示的字符。请将该文件保存为 Unicode 格式以防止数据丢失 (..\base\CCConsole.cpp)
         CCDirector.cpp
         CCEvent.cpp
         CCEventAcceleration.cpp
         CCEventCustom.cpp
         CCEventDispatcher.cpp
         CCEventFocus.cpp
         CCEventKeyboard.cpp
         CCEventListener.cpp
         CCEventListenerAcceleration.cpp
         CCEventListenerCustom.cpp
         CCEventListenerFocus.cpp
         CCEventListenerKeyboard.cpp
         CCEventListenerMouse.cpp
         CCEventListenerTouch.cpp
         CCEventMouse.cpp
         CCEventTouch.cpp
         ccFPSImages.c
         CCIMEDispatcher.cpp
         CCNS.cpp
     1>D:\coco\projects\ShootShrewmouse\cocos2d\cocos\2d\..\..\cocos\base/ccUtils.h : warning C4819: 该文件包含不能在当前代码页(936)中表示的字符。请将该文件保存为 Unicode 格式以防止数据丢失 (..\base\CCNS.cpp)
         CCProfiling.cpp
         CCRef.cpp
         CCScheduler.cpp
         CCScriptSupport.cpp
         CCTouch.cpp
         ccTypes.cpp
         CCUserDefault.cpp
         ccUTF8.cpp
     1>D:\coco\projects\ShootShrewmouse\cocos2d\cocos\2d\..\..\cocos\base/ccUtils.h : warning C4819: 该文件包含不能在当前代码页(936)中表示的字符。请将该文件保存为 Unicode 格式以防止数据丢失 (..\base\CCUserDefault.cpp)
         ccUtils.cpp
     1>D:\coco\projects\ShootShrewmouse\cocos2d\cocos\2d\..\..\cocos\base/ccUtils.h : warning C4819: 该文件包含不能在当前代码页(936)中表示的字符。请将该文件保存为 Unicode 格式以防止数据丢失 (..\base\ccUtils.cpp)
     1>..\base\ccUTF8.cpp(234): warning C4996: 'cocos2d::cc_wcslen': 被声明为已否决
                 d:\coco\projects\shootshrewmouse\cocos2d\cocos\base\ccUTF8.h(130) : 参见“cocos2d::cc_wcslen”的声明
     1>..\base\ccUTF8.cpp(277): warning C4996: 'cocos2d::cc_wcslen': 被声明为已否决
                 d:\coco\projects\shootshrewmouse\cocos2d\cocos\base\ccUTF8.h(130) : 参见“cocos2d::cc_wcslen”的声明
         CCValue.cpp
     1>D:\coco\projects\ShootShrewmouse\cocos2d\cocos\2d\..\..\cocos\base/ccUtils.h : warning C4819: 该文件包含不能在当前代码页(936)中表示的字符。请将该文件保存为 Unicode 格式以防止数据丢失 (..\base\CCValue.cpp)
         etc1.cpp
         ObjectFactory.cpp
         s3tc.cpp
         TGAlib.cpp
         ZipUtils.cpp
         cocos2d.cpp
         CCArray.cpp
         CCDeprecated.cpp
         CCDictionary.cpp
     1>d:\coco\projects\shootshrewmouse\cocos2d\cocos\base/ccUtils.h : warning C4819: 该文件包含不能在当前代码页(936)中表示的字符。请将该文件保存为 Unicode 格式以防止数据丢失 (..\deprecated\CCDeprecated.cpp)
         CCNotificationCenter.cpp
         CCSet.cpp
         CCString.cpp
         CCAffineTransform.cpp
     1>D:\coco\projects\ShootShrewmouse\cocos2d\cocos\2d\..\..\cocos\base/ccUtils.h : warning C4819: 该文件包含不能在当前代码页(936)中表示的字符。请将该文件保存为 Unicode 格式以防止数据丢失 (..\deprecated\CCString.cpp)
         CCGeometry.cpp
         CCVertex.cpp
         Mat4.cpp
         MathUtil.cpp
         Quaternion.cpp
         TransformUtils.cpp
         Vec2.cpp
         Vec3.cpp
         Vec4.cpp
         CCPhysicsBody.cpp
         CCPhysicsContact.cpp
         CCPhysicsJoint.cpp
         CCPhysicsShape.cpp
         CCPhysicsWorld.cpp
         CCPhysicsBodyInfo_chipmunk.cpp
         CCPhysicsContactInfo_chipmunk.cpp
         CCPhysicsJointInfo_chipmunk.cpp
         CCPhysicsShapeInfo_chipmunk.cpp
         CCPhysicsWorldInfo_chipmunk.cpp
         CCFileUtils.cpp
         CCGLViewProtocol.cpp
     1>D:\coco\projects\ShootShrewmouse\cocos2d\cocos\2d\..\..\cocos\base/ccUtils.h : warning C4819: 该文件包含不能在当前代码页(936)中表示的字符。请将该文件保存为 Unicode 格式以防止数据丢失 (..\platform\CCFileUtils.cpp)
     1>..\platform\CCFileUtils.cpp(546): warning C4018: “<”: 有符号/无符号不匹配
         CCImage.cpp
         CCSAXParser.cpp
     1>D:\coco\projects\ShootShrewmouse\cocos2d\cocos\2d\..\..\cocos\base/ccUtils.h : warning C4819: 该文件包含不能在当前代码页(936)中表示的字符。请将该文件保存为 Unicode 格式以防止数据丢失 (..\platform\CCImage.cpp)
         CCThread.cpp
         CCGLView.cpp
     1>D:\coco\projects\ShootShrewmouse\cocos2d\cocos\2d\..\..\cocos\base/ccUtils.h : warning C4819: 该文件包含不能在当前代码页(936)中表示的字符。请将该文件保存为 Unicode 格式以防止数据丢失 (..\platform\desktop\CCGLView.cpp)
         CCApplication.cpp
         CCCommon.cpp
         CCDevice.cpp
         CCFileUtilsWin32.cpp
         CCStdC.cpp
         CCBatchCommand.cpp
     1>d:\coco\projects\shootshrewmouse\cocos2d\cocos\platform\win32\CCFileUtilsWin32.h(102): warning C4996: 'cocos2d::FileUtils::getFileData': 被声明为已否决 (..\platform\win32\CCFileUtilsWin32.cpp)
                 D:\coco\projects\ShootShrewmouse\cocos2d\cocos\2d\..\..\cocos\platform/CCFileUtils.h(101) : 参见“cocos2d::FileUtils::getFileData”的声明
         CCCustomCommand.cpp
         CCGLProgram.cpp
         CCGLProgramCache.cpp
         CCGLProgramState.cpp
         CCGLProgramStateCache.cpp
         ccGLStateCache.cpp
         CCGroupCommand.cpp
     1>..\renderer\ccGLStateCache.cpp(225): warning C4800: “uint32_t”: 将值强制为布尔值“true”或“false”(性能警告)
     1>..\renderer\ccGLStateCache.cpp(226): warning C4800: “uint32_t”: 将值强制为布尔值“true”或“false”(性能警告)
         CCMeshCommand.cpp
         CCQuadCommand.cpp
         CCRenderCommand.cpp
         CCRenderer.cpp
         ccShaders.cpp
         CCTexture2D.cpp
     1>D:\coco\projects\ShootShrewmouse\cocos2d\cocos\2d\..\..\cocos\base/ccUtils.h : warning C4819: 该文件包含不能在当前代码页(936)中表示的字符。请将该文件保存为 Unicode 格式以防止数据丢失 (..\renderer\CCTexture2D.cpp)
         CCTextureAtlas.cpp
         CCTextureCache.cpp
     1>D:\coco\projects\ShootShrewmouse\cocos2d\cocos\2d\..\..\cocos\base/ccUtils.h : warning C4819: 该文件包含不能在当前代码页(936)中表示的字符。请将该文件保存为 Unicode 格式以防止数据丢失 (..\renderer\CCTextureCache.cpp)
         CCAction.cpp
         CCActionCamera.cpp
         CCActionCatmullRom.cpp
         CCActionEase.cpp
         CCActionGrid.cpp
         CCActionGrid3D.cpp
         CCActionInstant.cpp
         CCActionInterval.cpp
         CCActionManager.cpp
         CCActionPageTurn3D.cpp
         CCActionProgressTimer.cpp
         CCActionTiledGrid.cpp
         CCActionTween.cpp
         CCAnimation.cpp
         CCAnimationCache.cpp
         CCAtlasNode.cpp
         CCClippingNode.cpp
         CCComponent.cpp
         CCComponentContainer.cpp
         CCDrawingPrimitives.cpp
         CCDrawNode.cpp
         CCFastTMXLayer.cpp
         CCFastTMXTiledMap.cpp
         CCFont.cpp
         CCFontAtlas.cpp
         CCFontAtlasCache.cpp
         CCFontCharMap.cpp
         CCFontFNT.cpp
         CCFontFreeType.cpp
         CCGLBufferedNode.cpp
         CCGrabber.cpp
         CCGrid.cpp
         CCLabel.cpp
     1>D:\coco\projects\ShootShrewmouse\cocos2d\cocos\2d\..\..\cocos\base/ccUtils.h : warning C4819: 该文件包含不能在当前代码页(936)中表示的字符。请将该文件保存为 Unicode 格式以防止数据丢失 (CCGrid.cpp)
         CCLabelAtlas.cpp
     1>C:\Program Files (x86)\Microsoft Visual Studio 11.0\VC\include\functional(1152): warning C4800: “unsigned int”: 将值强制为布尔值“true”或“false”(性能警告) (CCLabel.cpp)
                 C:\Program Files (x86)\Microsoft Visual Studio 11.0\VC\include\functional(1152): 编译类 模板 成员函数“void std::_Bind<_Forced,_Ret,_Fun,_V0_t,_V1_t,_V2_t,_V3_t,_V4_t,_V5_t,_V6_t,_V7_t,_V8_t,_V9_t,_V10_t,<unnamed-symbol>>::operator ()(void)”时
                 with
                 [
                     _Forced=true,
                     _Ret=void,
                     _Fun=std::_Pmf_wrap<void (__thiscall cocos2d::Label::* )(const cocos2d::Mat4 &,bool),void,cocos2d::Label,const cocos2d::Mat4 &,bool,std::_Nil,std::_Nil,std::_Nil,std::_Nil,std::_Nil,std::_Nil,std::_Nil,std::_Nil,std::_Nil,std::_Nil>,
                     _V0_t=cocos2d::Label *const ,
                     _V1_t=const cocos2d::Mat4 &,
                     _V2_t=uint32_t &,
                     _V3_t=std::_Nil,
                     _V4_t=std::_Nil,
                     _V5_t=std::_Nil,
                     _V6_t=std::_Nil,
                     _V7_t=std::_Nil,
                     _V8_t=std::_Nil,
                     _V9_t=std::_Nil,
                     _V10_t=std::_Nil,
                     <unnamed-symbol>=std::_Nil
                 ]
                 C:\Program Files (x86)\Microsoft Visual Studio 11.0\VC\include\xrefwrap(431): 参见对正在编译的函数 模板 实例化“void std::_Bind<_Forced,_Ret,_Fun,_V0_t,_V1_t,_V2_t,_V3_t,_V4_t,_V5_t,_V6_t,_V7_t,_V8_t,_V9_t,_V10_t,<unnamed-symbol>>::operator ()(void)”的引用
                 with
                 [
                     _Forced=true,
                     _Ret=void,
                     _Fun=std::_Pmf_wrap<void (__thiscall cocos2d::Label::* )(const cocos2d::Mat4 &,bool),void,cocos2d::Label,const cocos2d::Mat4 &,bool,std::_Nil,std::_Nil,std::_Nil,std::_Nil,std::_Nil,std::_Nil,std::_Nil,std::_Nil,std::_Nil,std::_Nil>,
                     _V0_t=cocos2d::Label *const ,
                     _V1_t=const cocos2d::Mat4 &,
                     _V2_t=uint32_t &,
                     _V3_t=std::_Nil,
                     _V4_t=std::_Nil,
                     _V5_t=std::_Nil,
                     _V6_t=std::_Nil,
                     _V7_t=std::_Nil,
                     _V8_t=std::_Nil,
                     _V9_t=std::_Nil,
                     _V10_t=std::_Nil,
                     <unnamed-symbol>=std::_Nil
                 ]
                 CCLabel.cpp(888): 参见对正在编译的类 模板 实例化“std::_Bind<_Forced,_Ret,_Fun,_V0_t,_V1_t,_V2_t,_V3_t,_V4_t,_V5_t,_V6_t,_V7_t,_V8_t,_V9_t,_V10_t,<unnamed-symbol>>”的引用
                 with
                 [
                     _Forced=true,
                     _Ret=void,
                     _Fun=std::_Pmf_wrap<void (__thiscall cocos2d::Label::* )(const cocos2d::Mat4 &,bool),void,cocos2d::Label,const cocos2d::Mat4 &,bool,std::_Nil,std::_Nil,std::_Nil,std::_Nil,std::_Nil,std::_Nil,std::_Nil,std::_Nil,std::_Nil,std::_Nil>,
                     _V0_t=cocos2d::Label *const ,
                     _V1_t=const cocos2d::Mat4 &,
                     _V2_t=uint32_t &,
                     _V3_t=std::_Nil,
                     _V4_t=std::_Nil,
                     _V5_t=std::_Nil,
                     _V6_t=std::_Nil,
                     _V7_t=std::_Nil,
                     _V8_t=std::_Nil,
                     _V9_t=std::_Nil,
                     _V10_t=std::_Nil,
                     <unnamed-symbol>=std::_Nil
                 ]
         CCLabelBMFont.cpp
         CCLabelTextFormatter.cpp
         CCLabelTTF.cpp
         CCLayer.cpp
         CCMenu.cpp
         CCMenuItem.cpp
         CCMotionStreak.cpp
         CCNode.cpp
         CCNodeGrid.cpp
         CCParallaxNode.cpp
         CCParticleBatchNode.cpp
         CCParticleExamples.cpp
         CCParticleSystem.cpp
         CCParticleSystemQuad.cpp
         CCProgressTimer.cpp
         CCRenderTexture.cpp
         CCScene.cpp
     1>D:\coco\projects\ShootShrewmouse\cocos2d\cocos\2d\..\..\cocos\base/ccUtils.h : warning C4819: 该文件包含不能在当前代码页(936)中表示的字符。请将该文件保存为 Unicode 格式以防止数据丢失 (CCRenderTexture.cpp)
         CCSprite.cpp
         CCSpriteBatchNode.cpp
         CCSpriteFrame.cpp
         CCSpriteFrameCache.cpp
         CCTextFieldTTF.cpp
         CCTileMapAtlas.cpp
         CCTMXLayer.cpp
         CCTMXObjectGroup.cpp
         CCTMXTiledMap.cpp
         CCTMXXMLParser.cpp
         CCTransition.cpp
         CCTransitionPageTurn.cpp
         CCTransitionProgress.cpp
         CCTweenFunction.cpp
       PreLinkEvent:
         if not exist "D:\coco\projects\ShootShrewmouse\proj.win32\Release.win32\" mkdir "D:\coco\projects\ShootShrewmouse\proj.win32\Release.win32\"
         xcopy /Y /Q "D:\coco\projects\ShootShrewmouse\cocos2d\cocos\2d\..\..\external\freetype2\prebuilt\win32\*.*" "D:\coco\projects\ShootShrewmouse\proj.win32\Release.win32\"
         xcopy /Y /Q "D:\coco\projects\ShootShrewmouse\cocos2d\cocos\2d\..\..\external\glfw3\prebuilt\win32\*.*" "D:\coco\projects\ShootShrewmouse\proj.win32\Release.win32\"
         xcopy /Y /Q "D:\coco\projects\ShootShrewmouse\cocos2d\cocos\2d\..\..\external\curl\prebuilt\win32\*.*" "D:\coco\projects\ShootShrewmouse\proj.win32\Release.win32\"
         xcopy /Y /Q "D:\coco\projects\ShootShrewmouse\cocos2d\cocos\2d\..\..\external\jpeg\prebuilt\win32\*.*" "D:\coco\projects\ShootShrewmouse\proj.win32\Release.win32\"
         xcopy /Y /Q "D:\coco\projects\ShootShrewmouse\cocos2d\cocos\2d\..\..\external\png\prebuilt\win32\*.*" "D:\coco\projects\ShootShrewmouse\proj.win32\Release.win32\"
         xcopy /Y /Q "D:\coco\projects\ShootShrewmouse\cocos2d\cocos\2d\..\..\external\tiff\prebuilt\win32\*.*" "D:\coco\projects\ShootShrewmouse\proj.win32\Release.win32\"
         xcopy /Y /Q "D:\coco\projects\ShootShrewmouse\cocos2d\cocos\2d\..\..\external\webp\prebuilt\win32\*.*" "D:\coco\projects\ShootShrewmouse\proj.win32\Release.win32\"
         xcopy /Y /Q "D:\coco\projects\ShootShrewmouse\cocos2d\cocos\2d\..\..\external\websockets\prebuilt\win32\*.*" "D:\coco\projects\ShootShrewmouse\proj.win32\Release.win32\"
         xcopy /Y /Q "D:\coco\projects\ShootShrewmouse\cocos2d\cocos\2d\..\..\external\win32-specific\zlib\prebuilt\*.*" "D:\coco\projects\ShootShrewmouse\proj.win32\Release.win32\"
         xcopy /Y /Q "D:\coco\projects\ShootShrewmouse\cocos2d\cocos\2d\..\..\external\win32-specific\icon\prebuilt\*.*" "D:\coco\projects\ShootShrewmouse\proj.win32\Release.win32\"
         xcopy /Y /Q "D:\coco\projects\ShootShrewmouse\cocos2d\cocos\2d\..\..\external\win32-specific\gles\prebuilt\*.*" "D:\coco\projects\ShootShrewmouse\proj.win32\Release.win32\"
         
         :VCEnd
         复制了 1 个文件
         复制了 1 个文件
         复制了 2 个文件
         复制了 1 个文件
         复制了 1 个文件
         复制了 2 个文件
         复制了 1 个文件
         复制了 2 个文件
         复制了 2 个文件
         复制了 2 个文件
         复制了 2 个文件
       Lib:
         C:\Program Files (x86)\Microsoft Visual Studio 11.0\VC\bin\Lib.exe /OUT:"D:\coco\projects\ShootShrewmouse\proj.win32\Release.win32\libcocos2d.lib" /NOLOGO Release.win32\ConvertUTF.obj
         Release.win32\ConvertUTFWrapper.obj
         Release.win32\edtaa3func.obj
         Release.win32\tinyxml2.obj
         Release.win32\ioapi.obj
         Release.win32\unzip.obj
         Release.win32\xxhash.obj
         Release.win32\CCAnimate3D.obj
         Release.win32\CCAnimation3D.obj
         Release.win32\CCBundle3D.obj
         Release.win32\CCBundleReader.obj
         Release.win32\CCMesh.obj
         Release.win32\CCMeshSkin.obj
         Release.win32\CCObjLoader.obj
         Release.win32\CCSprite3D.obj
         Release.win32\CCSprite3DMaterial.obj
         Release.win32\atitc.obj
         Release.win32\base64.obj
         Release.win32\CCAutoreleasePool.obj
         Release.win32\ccCArray.obj
         Release.win32\CCConfiguration.obj
         Release.win32\CCConsole.obj
         Release.win32\CCData.obj
         Release.win32\CCDataVisitor.obj
         Release.win32\CCDirector.obj
         Release.win32\CCEvent.obj
         Release.win32\CCEventAcceleration.obj
         Release.win32\CCEventCustom.obj
         Release.win32\CCEventDispatcher.obj
         Release.win32\CCEventFocus.obj
         Release.win32\CCEventKeyboard.obj
         Release.win32\CCEventListener.obj
         Release.win32\CCEventListenerAcceleration.obj
         Release.win32\CCEventListenerCustom.obj
         Release.win32\CCEventListenerFocus.obj
         Release.win32\CCEventListenerKeyboard.obj
         Release.win32\CCEventListenerMouse.obj
         Release.win32\CCEventListenerTouch.obj
         Release.win32\CCEventMouse.obj
         Release.win32\CCEventTouch.obj
         Release.win32\ccFPSImages.obj
         Release.win32\CCIMEDispatcher.obj
         Release.win32\CCNS.obj
         Release.win32\CCProfiling.obj
         Release.win32\CCRef.obj
         Release.win32\CCScheduler.obj
         Release.win32\CCScriptSupport.obj
         Release.win32\CCTouch.obj
         Release.win32\ccTypes.obj
         Release.win32\CCUserDefault.obj
         Release.win32\ccUTF8.obj
         Release.win32\ccUtils.obj
         Release.win32\CCValue.obj
         Release.win32\etc1.obj
         Release.win32\ObjectFactory.obj
         Release.win32\s3tc.obj
         Release.win32\TGAlib.obj
         Release.win32\ZipUtils.obj
         Release.win32\cocos2d.obj
         Release.win32\CCArray.obj
         Release.win32\CCDeprecated.obj
         Release.win32\CCDictionary.obj
         Release.win32\CCNotificationCenter.obj
         Release.win32\CCSet.obj
         Release.win32\CCString.obj
         Release.win32\CCAffineTransform.obj
         Release.win32\CCGeometry.obj
         Release.win32\CCVertex.obj
         Release.win32\Mat4.obj
         Release.win32\MathUtil.obj
         Release.win32\Quaternion.obj
         Release.win32\TransformUtils.obj
         Release.win32\Vec2.obj
         Release.win32\Vec3.obj
         Release.win32\Vec4.obj
         Release.win32\CCPhysicsBody.obj
         Release.win32\CCPhysicsContact.obj
         Release.win32\CCPhysicsJoint.obj
         Release.win32\CCPhysicsShape.obj
         Release.win32\CCPhysicsWorld.obj
         Release.win32\CCPhysicsBodyInfo_chipmunk.obj
         Release.win32\CCPhysicsContactInfo_chipmunk.obj
         Release.win32\CCPhysicsJointInfo_chipmunk.obj
         Release.win32\CCPhysicsShapeInfo_chipmunk.obj
         Release.win32\CCPhysicsWorldInfo_chipmunk.obj
         Release.win32\CCFileUtils.obj
         Release.win32\CCGLViewProtocol.obj
         Release.win32\CCImage.obj
         Release.win32\CCSAXParser.obj
         Release.win32\CCThread.obj
         Release.win32\CCGLView.obj
         Release.win32\CCApplication.obj
         Release.win32\CCCommon.obj
         Release.win32\CCDevice.obj
         Release.win32\CCFileUtilsWin32.obj
         Release.win32\CCStdC.obj
         Release.win32\CCBatchCommand.obj
         Release.win32\CCCustomCommand.obj
         Release.win32\CCGLProgram.obj
         Release.win32\CCGLProgramCache.obj
         Release.win32\CCGLProgramState.obj
         Release.win32\CCGLProgramStateCache.obj
         Release.win32\ccGLStateCache.obj
         Release.win32\CCGroupCommand.obj
         Release.win32\CCMeshCommand.obj
         Release.win32\CCQuadCommand.obj
         Release.win32\CCRenderCommand.obj
         Release.win32\CCRenderer.obj
         Release.win32\ccShaders.obj
         Release.win32\CCTexture2D.obj
         Release.win32\CCTextureAtlas.obj
         Release.win32\CCTextureCache.obj
         Release.win32\CCAction.obj
         Release.win32\CCActionCamera.obj
         Release.win32\CCActionCatmullRom.obj
         Release.win32\CCActionEase.obj
         Release.win32\CCActionGrid.obj
         Release.win32\CCActionGrid3D.obj
         Release.win32\CCActionInstant.obj
         Release.win32\CCActionInterval.obj
         Release.win32\CCActionManager.obj
         Release.win32\CCActionPageTurn3D.obj
         Release.win32\CCActionProgressTimer.obj
         Release.win32\CCActionTiledGrid.obj
         Release.win32\CCActionTween.obj
         Release.win32\CCAnimation.obj
         Release.win32\CCAnimationCache.obj
         Release.win32\CCAtlasNode.obj
         Release.win32\CCClippingNode.obj
         Release.win32\CCComponent.obj
         Release.win32\CCComponentContainer.obj
         Release.win32\CCDrawingPrimitives.obj
         Release.win32\CCDrawNode.obj
         Release.win32\CCFastTMXLayer.obj
         Release.win32\CCFastTMXTiledMap.obj
         Release.win32\CCFont.obj
         Release.win32\CCFontAtlas.obj
         Release.win32\CCFontAtlasCache.obj
         Release.win32\CCFontCharMap.obj
         Release.win32\CCFontFNT.obj
         Release.win32\CCFontFreeType.obj
         Release.win32\CCGLBufferedNode.obj
         Release.win32\CCGrabber.obj
         Release.win32\CCGrid.obj
         Release.win32\CCLabel.obj
         Release.win32\CCLabelAtlas.obj
         Release.win32\CCLabelBMFont.obj
         Release.win32\CCLabelTextFormatter.obj
         Release.win32\CCLabelTTF.obj
         Release.win32\CCLayer.obj
         Release.win32\CCMenu.obj
         Release.win32\CCMenuItem.obj
         Release.win32\CCMotionStreak.obj
         Release.win32\CCNode.obj
         Release.win32\CCNodeGrid.obj
         Release.win32\CCParallaxNode.obj
         Release.win32\CCParticleBatchNode.obj
         Release.win32\CCParticleExamples.obj
         Release.win32\CCParticleSystem.obj
         Release.win32\CCParticleSystemQuad.obj
         Release.win32\CCProgressTimer.obj
         Release.win32\CCRenderTexture.obj
         Release.win32\CCScene.obj
         Release.win32\CCSprite.obj
         Release.win32\CCSpriteBatchNode.obj
         Release.win32\CCSpriteFrame.obj
         Release.win32\CCSpriteFrameCache.obj
         Release.win32\CCTextFieldTTF.obj
         Release.win32\CCTileMapAtlas.obj
         Release.win32\CCTMXLayer.obj
         Release.win32\CCTMXObjectGroup.obj
         Release.win32\CCTMXTiledMap.obj
         Release.win32\CCTMXXMLParser.obj
         Release.win32\CCTransition.obj
         Release.win32\CCTransitionPageTurn.obj
         Release.win32\CCTransitionProgress.obj
         Release.win32\CCTweenFunction.obj
         cocos2d.vcxproj -> D:\coco\projects\ShootShrewmouse\proj.win32\Release.win32\libcocos2d.lib
       FinalizeBuildStatus:
         正在删除文件“Release.win32\libcocos2d.unsuccessfulbuild”。
         正在对“Release.win32\libcocos2d.lastbuildstate”执行 Touch 任务。
     1>已完成生成项目“D:\coco\projects\ShootShrewmouse\cocos2d\cocos\2d\cocos2d.vcxproj”(Build 个目标)的操作。

生成成功。

已用时间 00:19:18.95
