生成启动时间为 2015/6/22 20:43:16。
     1>项目“D:\coco\projects\ShootShrewmouse\proj.win32\ShootShrewmouse.vcxproj”在节点 2 上(Build 个目标)。
     1>InitializeBuildStatus:
         正在创建“Release.win32\ShootShrewmouse.unsuccessfulbuild”，因为已指定“AlwaysCreate”。
       PreBuildEvent:
         xcopy /e /y D:\coco\projects\ShootShrewmouse\proj.win32\..\Resources\* D:\coco\projects\ShootShrewmouse\proj.win32\Release.win32\
         :VCEnd
         D:\coco\projects\ShootShrewmouse\proj.win32\..\Resources\a_tiny_sunshine.mp3
         D:\coco\projects\ShootShrewmouse\proj.win32\..\Resources\back-down.png
         D:\coco\projects\ShootShrewmouse\proj.win32\..\Resources\back-up.png
         D:\coco\projects\ShootShrewmouse\proj.win32\..\Resources\background.png
         D:\coco\projects\ShootShrewmouse\proj.win32\..\Resources\bang.wav
         D:\coco\projects\ShootShrewmouse\proj.win32\..\Resources\Blip.wav
         D:\coco\projects\ShootShrewmouse\proj.win32\..\Resources\bluebone.png
         D:\coco\projects\ShootShrewmouse\proj.win32\..\Resources\blueshrew.png
         D:\coco\projects\ShootShrewmouse\proj.win32\..\Resources\gameover-back.png
         D:\coco\projects\ShootShrewmouse\proj.win32\..\Resources\gameover2-back.png
         D:\coco\projects\ShootShrewmouse\proj.win32\..\Resources\gameplay.button.back-on.png
         D:\coco\projects\ShootShrewmouse\proj.win32\..\Resources\gameplay.button.back.png
         D:\coco\projects\ShootShrewmouse\proj.win32\..\Resources\gameplay.button.resume-on.png
         D:\coco\projects\ShootShrewmouse\proj.win32\..\Resources\gameplay.button.resume.png
         D:\coco\projects\ShootShrewmouse\proj.win32\..\Resources\gameplay_button_pause.png
         D:\coco\projects\ShootShrewmouse\proj.win32\..\Resources\help-down.png
         D:\coco\projects\ShootShrewmouse\proj.win32\..\Resources\help-up.png
         D:\coco\projects\ShootShrewmouse\proj.win32\..\Resources\Helping-back.png
         D:\coco\projects\ShootShrewmouse\proj.win32\..\Resources\off.png
         D:\coco\projects\ShootShrewmouse\proj.win32\..\Resources\ok-down.png
         D:\coco\projects\ShootShrewmouse\proj.win32\..\Resources\ok-up.png
         D:\coco\projects\ShootShrewmouse\proj.win32\..\Resources\on.png
         D:\coco\projects\ShootShrewmouse\proj.win32\..\Resources\play1-back.png
         D:\coco\projects\ShootShrewmouse\proj.win32\..\Resources\purplebone.png
         D:\coco\projects\ShootShrewmouse\proj.win32\..\Resources\purpleshrew.png
         D:\coco\projects\ShootShrewmouse\proj.win32\..\Resources\redbone.png
         D:\coco\projects\ShootShrewmouse\proj.win32\..\Resources\redshrew.png
         D:\coco\projects\ShootShrewmouse\proj.win32\..\Resources\setting-back.png
         D:\coco\projects\ShootShrewmouse\proj.win32\..\Resources\setting-down.png
         D:\coco\projects\ShootShrewmouse\proj.win32\..\Resources\setting-up.png
         D:\coco\projects\ShootShrewmouse\proj.win32\..\Resources\shrew.png
         D:\coco\projects\ShootShrewmouse\proj.win32\..\Resources\start1-down.png
         D:\coco\projects\ShootShrewmouse\proj.win32\..\Resources\start1-up.png
         D:\coco\projects\ShootShrewmouse\proj.win32\..\Resources\fonts\hanyi.ttf
         D:\coco\projects\ShootShrewmouse\proj.win32\..\Resources\fonts\Marker Felt.ttf
         复制了 35 个文件
       ClCompile:
         C:\Program Files (x86)\Microsoft Visual Studio 11.0\VC\bin\CL.exe /c /ID:\coco\projects\ShootShrewmouse\cocos2d\cocos\2d\..\..\cocos\audio\include /ID:\coco\projects\ShootShrewmouse\cocos2d\cocos\2d\..\..\external /ID:\coco\projects\ShootShrewmouse\cocos2d\cocos\2d\..\..\external\chipmunk\include\chipmunk /ID:\coco\projects\ShootShrewmouse\cocos2d\cocos\2d\..\..\extensions /I..\Classes /I.. /ID:\coco\projects\ShootShrewmouse\cocos2d\cocos\2d\..\..\cocos /ID:\coco\projects\ShootShrewmouse\cocos2d\cocos\2d\..\..\cocos\platform\win32 /ID:\coco\projects\ShootShrewmouse\cocos2d\cocos\2d\..\..\cocos\platform\desktop /ID:\coco\projects\ShootShrewmouse\cocos2d\cocos\2d\..\..\external\glfw3\include\win32 /I"D:\coco\projects\ShootShrewmouse\cocos2d\cocos\2d\..\..\external\win32-specific\gles\include\OGLES" /Zi /nologo /W3 /WX- /MP /O2 /Oi /Oy- /GL /D WIN32 /D NDEBUG /D _WINDOWS /D _USE_MATH_DEFINES /D GL_GLEXT_PROTOTYPES /D CC_ENABLE_CHIPMUNK_INTEGRATION=1 /D _CRT_SECURE_NO_WARNINGS /D _SCL_SECURE_NO_WARNINGS /D _VARIADIC_MAX=10 /D _UNICODE /D UNICODE /Gm- /EHsc /MD /GS /Gy /fp:precise /Zc:wchar_t /Zc:forScope /Fo"Release.win32\\" /Fd"Release.win32\vc110.pdb" /Gd /TP /wd4267 /wd4251 /wd4244 /analyze- /errorReport:prompt ..\Classes\AppDelegate.cpp ..\Classes\GamePlayScene1.cpp ..\Classes\HelloWorldScene.cpp ..\Classes\HelpingScene.cpp ..\Classes\SettingScene.cpp
         AppDelegate.cpp
         GamePlayScene1.cpp
     1>d:\coco\projects\shootshrewmouse\cocos2d\cocos\base/ccUtils.h : warning C4819: 该文件包含不能在当前代码页(936)中表示的字符。请将该文件保存为 Unicode 格式以防止数据丢失 (..\Classes\GamePlayScene1.cpp)
     1>d:\coco\projects\shootshrewmouse\cocos2d\cocos\base/ccUtils.h : warning C4819: 该文件包含不能在当前代码页(936)中表示的字符。请将该文件保存为 Unicode 格式以防止数据丢失 (..\Classes\AppDelegate.cpp)
     1>d:\coco\projects\shootshrewmouse\classes\GamePlayScene1.h(63): warning C4996: 'cocos2d::CCArray': 被声明为已否决 (..\Classes\GamePlayScene1.cpp)
                 d:\coco\projects\shootshrewmouse\cocos2d\cocos\deprecated/CCDeprecated.h(1034) : 参见“cocos2d::CCArray”的声明
     1>..\Classes\GamePlayScene1.cpp(280): warning C4996: 'cocos2d::CCArray': 被声明为已否决
                 d:\coco\projects\shootshrewmouse\cocos2d\cocos\deprecated/CCDeprecated.h(1034) : 参见“cocos2d::CCArray”的声明
     1>..\Classes\GamePlayScene1.cpp(282): warning C4996: 'cocos2d::CCArray': 被声明为已否决
                 d:\coco\projects\shootshrewmouse\cocos2d\cocos\deprecated/CCDeprecated.h(1034) : 参见“cocos2d::CCArray”的声明
     1>..\Classes\GamePlayScene1.cpp(284): warning C4996: 'cocos2d::CCObject': 被声明为已否决
                 d:\coco\projects\shootshrewmouse\cocos2d\cocos\deprecated/CCDeprecated.h(536) : 参见“cocos2d::CCObject”的声明
                 d:\coco\projects\shootshrewmouse\cocos2d\cocos\deprecated/CCDeprecated.h(536) : 参见“cocos2d::CCObject”的声明
     1>..\Classes\GamePlayScene1.cpp(285): warning C4996: 'cocos2d::CCObject': 被声明为已否决
                 d:\coco\projects\shootshrewmouse\cocos2d\cocos\deprecated/CCDeprecated.h(536) : 参见“cocos2d::CCObject”的声明
     1>..\Classes\GamePlayScene1.cpp(290): warning C4996: 'cocos2d::CCRect': 被声明为已否决
                 d:\coco\projects\shootshrewmouse\cocos2d\cocos\deprecated/CCDeprecated.h(775) : 参见“cocos2d::CCRect”的声明
     1>..\Classes\GamePlayScene1.cpp(294): warning C4996: 'cocos2d::CCRectMake': 被声明为已否决
                 d:\coco\projects\shootshrewmouse\cocos2d\cocos\deprecated/CCDeprecated.h(388) : 参见“cocos2d::CCRectMake”的声明
     1>..\Classes\GamePlayScene1.cpp(298): warning C4996: 'cocos2d::CCRect': 被声明为已否决
                 d:\coco\projects\shootshrewmouse\cocos2d\cocos\deprecated/CCDeprecated.h(775) : 参见“cocos2d::CCRect”的声明
     1>..\Classes\GamePlayScene1.cpp(302): warning C4996: 'cocos2d::CCRectMake': 被声明为已否决
                 d:\coco\projects\shootshrewmouse\cocos2d\cocos\deprecated/CCDeprecated.h(388) : 参见“cocos2d::CCRectMake”的声明
     1>..\Classes\GamePlayScene1.cpp(359): warning C4996: 'cocos2d::CCRect': 被声明为已否决
                 d:\coco\projects\shootshrewmouse\cocos2d\cocos\deprecated/CCDeprecated.h(775) : 参见“cocos2d::CCRect”的声明
     1>d:\coco\projects\shootshrewmouse\classes\GamePlayScene1.h(63): warning C4996: 'cocos2d::CCArray': 被声明为已否决 (..\Classes\AppDelegate.cpp)
                 d:\coco\projects\shootshrewmouse\cocos2d\cocos\deprecated/CCDeprecated.h(1034) : 参见“cocos2d::CCArray”的声明
     1>C:\Program Files (x86)\Microsoft Visual Studio 11.0\VC\include\utility(182): warning C4800: “int”: 将值强制为布尔值“true”或“false”(性能警告) (..\Classes\GamePlayScene1.cpp)
                 C:\Program Files (x86)\Microsoft Visual Studio 11.0\VC\include\xmemory0(617): 参见对正在编译的函数 模板 实例化“std::pair<_Ty1,_Ty2>::pair<std::pair<int,int>,int>(std::pair<std::pair<int,int>,int> &&,void **)”的引用
                 with
                 [
                     _Ty1=const std::pair<int,int>,
                     _Ty2=bool
                 ]
                 C:\Program Files (x86)\Microsoft Visual Studio 11.0\VC\include\xmemory0(617): 参见对正在编译的函数 模板 实例化“std::pair<_Ty1,_Ty2>::pair<std::pair<int,int>,int>(std::pair<std::pair<int,int>,int> &&,void **)”的引用
                 with
                 [
                     _Ty1=const std::pair<int,int>,
                     _Ty2=bool
                 ]
                 C:\Program Files (x86)\Microsoft Visual Studio 11.0\VC\include\xmemory0(751): 参见对正在编译的函数 模板 实例化“void std::allocator<_Ty>::construct<_Objty,std::pair<_Ty1,_Ty2>>(_Objty *,_V0_t &&)”的引用
                 with
                 [
                     _Ty=std::_Tree_node<std::pair<const std::pair<int,int>,bool>,void *>,
                     _Objty=std::pair<const std::pair<int,int>,bool>,
                     _Ty1=std::pair<int,int>,
                     _Ty2=int,
                     _V0_t=std::pair<std::pair<int,int>,int>
                 ]
                 C:\Program Files (x86)\Microsoft Visual Studio 11.0\VC\include\xmemory0(751): 参见对正在编译的函数 模板 实例化“void std::allocator<_Ty>::construct<_Objty,std::pair<_Ty1,_Ty2>>(_Objty *,_V0_t &&)”的引用
                 with
                 [
                     _Ty=std::_Tree_node<std::pair<const std::pair<int,int>,bool>,void *>,
                     _Objty=std::pair<const std::pair<int,int>,bool>,
                     _Ty1=std::pair<int,int>,
                     _Ty2=int,
                     _V0_t=std::pair<std::pair<int,int>,int>
                 ]
                 C:\Program Files (x86)\Microsoft Visual Studio 11.0\VC\include\xmemory0(903): 参见对正在编译的函数 模板 实例化“void std::allocator_traits<_Alloc>::construct<_Ty,std::pair<_Ty1,_Ty2>>(std::allocator<_Other> &,_Objty *,_V0_t &&)”的引用
                 with
                 [
                     _Alloc=std::allocator<std::_Tree_node<std::pair<const std::pair<int,int>,bool>,void *>>,
                     _Ty=std::pair<const std::pair<int,int>,bool>,
                     _Ty1=std::pair<int,int>,
                     _Ty2=int,
                     _Other=std::_Tree_node<std::pair<const std::pair<int,int>,bool>,void *>,
                     _Objty=std::pair<const std::pair<int,int>,bool>,
                     _V0_t=std::pair<std::pair<int,int>,int>
                 ]
                 C:\Program Files (x86)\Microsoft Visual Studio 11.0\VC\include\xmemory0(903): 参见对正在编译的函数 模板 实例化“void std::allocator_traits<_Alloc>::construct<_Ty,std::pair<_Ty1,_Ty2>>(std::allocator<_Other> &,_Objty *,_V0_t &&)”的引用
                 with
                 [
                     _Alloc=std::allocator<std::_Tree_node<std::pair<const std::pair<int,int>,bool>,void *>>,
                     _Ty=std::pair<const std::pair<int,int>,bool>,
                     _Ty1=std::pair<int,int>,
                     _Ty2=int,
                     _Other=std::_Tree_node<std::pair<const std::pair<int,int>,bool>,void *>,
                     _Objty=std::pair<const std::pair<int,int>,bool>,
                     _V0_t=std::pair<std::pair<int,int>,int>
                 ]
                 C:\Program Files (x86)\Microsoft Visual Studio 11.0\VC\include\xtree(945): 参见对正在编译的函数 模板 实例化“void std::_Wrap_alloc<_Alloc>::construct<_Ty,std::pair<_Ty1,_Ty2>>(_Ty *,_V0_t &&)”的引用
                 with
                 [
                     _Alloc=std::allocator<std::_Tree_node<std::pair<const std::pair<int,int>,bool>,void *>>,
                     _Ty=std::pair<const std::pair<int,int>,bool>,
                     _Ty1=std::pair<int,int>,
                     _Ty2=int,
                     _V0_t=std::pair<std::pair<int,int>,int>
                 ]
                 C:\Program Files (x86)\Microsoft Visual Studio 11.0\VC\include\xtree(945): 参见对正在编译的函数 模板 实例化“void std::_Wrap_alloc<_Alloc>::construct<_Ty,std::pair<_Ty1,_Ty2>>(_Ty *,_V0_t &&)”的引用
                 with
                 [
                     _Alloc=std::allocator<std::_Tree_node<std::pair<const std::pair<int,int>,bool>,void *>>,
                     _Ty=std::pair<const std::pair<int,int>,bool>,
                     _Ty1=std::pair<int,int>,
                     _Ty2=int,
                     _V0_t=std::pair<std::pair<int,int>,int>
                 ]
                 C:\Program Files (x86)\Microsoft Visual Studio 11.0\VC\include\xtree(1151): 参见对正在编译的函数 模板 实例化“std::_Tree_node<_Value_type,_Voidptr> *std::_Tree_buy<_Ty,_Alloc>::_Buynode<std::pair<_Ty1,_Ty2>>(_V0_t &&)”的引用
                 with
                 [
                     _Value_type=std::pair<const std::pair<int,int>,bool>,
                     _Voidptr=void *,
                     _Ty=std::pair<const std::pair<int,int>,bool>,
                     _Alloc=std::allocator<std::pair<const std::pair<int,int>,bool>>,
                     _Ty1=std::pair<int,int>,
                     _Ty2=int,
                     _V0_t=std::pair<std::pair<int,int>,int>
                 ]
                 C:\Program Files (x86)\Microsoft Visual Studio 11.0\VC\include\xtree(1151): 参见对正在编译的函数 模板 实例化“std::_Tree_node<_Value_type,_Voidptr> *std::_Tree_buy<_Ty,_Alloc>::_Buynode<std::pair<_Ty1,_Ty2>>(_V0_t &&)”的引用
                 with
                 [
                     _Value_type=std::pair<const std::pair<int,int>,bool>,
                     _Voidptr=void *,
                     _Ty=std::pair<const std::pair<int,int>,bool>,
                     _Alloc=std::allocator<std::pair<const std::pair<int,int>,bool>>,
                     _Ty1=std::pair<int,int>,
                     _Ty2=int,
                     _V0_t=std::pair<std::pair<int,int>,int>
                 ]
                 ..\Classes\GamePlayScene1.cpp(85): 参见对正在编译的函数 模板 实例化“std::pair<_Ty1,_Ty2> std::_Tree<_Traits>::insert<std::pair<std::pair<int,int>,int>>(_Valty &&)”的引用
                 with
                 [
                     _Ty1=std::_Tree_iterator<std::_Tree_val<std::_Tree_simple_types<std::pair<const std::pair<int,int>,bool>>>>,
                     _Ty2=bool,
                     _Traits=std::_Tmap_traits<std::pair<int,int>,bool,std::less<std::pair<int,int>>,std::allocator<std::pair<const std::pair<int,int>,bool>>,false>,
                     _Valty=std::pair<std::pair<int,int>,int>
                 ]
                 ..\Classes\GamePlayScene1.cpp(85): 参见对正在编译的函数 模板 实例化“std::pair<_Ty1,_Ty2> std::_Tree<_Traits>::insert<std::pair<std::pair<int,int>,int>>(_Valty &&)”的引用
                 with
                 [
                     _Ty1=std::_Tree_iterator<std::_Tree_val<std::_Tree_simple_types<std::pair<const std::pair<int,int>,bool>>>>,
                     _Ty2=bool,
                     _Traits=std::_Tmap_traits<std::pair<int,int>,bool,std::less<std::pair<int,int>>,std::allocator<std::pair<const std::pair<int,int>,bool>>,false>,
                     _Valty=std::pair<std::pair<int,int>,int>
                 ]
         HelloWorldScene.cpp
         HelpingScene.cpp
     1>d:\coco\projects\shootshrewmouse\cocos2d\cocos\base/ccUtils.h : warning C4819: 该文件包含不能在当前代码页(936)中表示的字符。请将该文件保存为 Unicode 格式以防止数据丢失 (..\Classes\HelloWorldScene.cpp)
     1>d:\coco\projects\shootshrewmouse\cocos2d\cocos\base/ccUtils.h : warning C4819: 该文件包含不能在当前代码页(936)中表示的字符。请将该文件保存为 Unicode 格式以防止数据丢失 (..\Classes\HelpingScene.cpp)
     1>d:\coco\projects\shootshrewmouse\classes\GamePlayScene1.h(63): warning C4996: 'cocos2d::CCArray': 被声明为已否决 (..\Classes\HelloWorldScene.cpp)
                 d:\coco\projects\shootshrewmouse\cocos2d\cocos\deprecated/CCDeprecated.h(1034) : 参见“cocos2d::CCArray”的声明
     1>d:\coco\projects\shootshrewmouse\classes\GamePlayScene1.h(63): warning C4996: 'cocos2d::CCArray': 被声明为已否决 (..\Classes\HelpingScene.cpp)
                 d:\coco\projects\shootshrewmouse\cocos2d\cocos\deprecated/CCDeprecated.h(1034) : 参见“cocos2d::CCArray”的声明
         SettingScene.cpp
     1>d:\coco\projects\shootshrewmouse\cocos2d\cocos\base/ccUtils.h : warning C4819: 该文件包含不能在当前代码页(936)中表示的字符。请将该文件保存为 Unicode 格式以防止数据丢失 (..\Classes\SettingScene.cpp)
     1>d:\coco\projects\shootshrewmouse\classes\GamePlayScene1.h(63): warning C4996: 'cocos2d::CCArray': 被声明为已否决 (..\Classes\SettingScene.cpp)
                 d:\coco\projects\shootshrewmouse\cocos2d\cocos\deprecated/CCDeprecated.h(1034) : 参见“cocos2d::CCArray”的声明
       ResourceCompile:
         所有输出均为最新。
       PreLinkEvent:
         if not exist "D:\coco\projects\ShootShrewmouse\proj.win32\Release.win32\" mkdir "D:\coco\projects\ShootShrewmouse\proj.win32\Release.win32\"
         xcopy /Y /Q "D:\coco\projects\ShootShrewmouse\cocos2d\cocos\2d\..\..\external\websockets\prebuilt\win32\*.*" "D:\coco\projects\ShootShrewmouse\proj.win32\Release.win32\"
         :VCEnd
         复制了 2 个文件
       Link:
         C:\Program Files (x86)\Microsoft Visual Studio 11.0\VC\bin\link.exe /ERRORREPORT:PROMPT /OUT:"D:\coco\projects\ShootShrewmouse\proj.win32\Release.win32\ShootShrewmouse.exe" /INCREMENTAL:NO /NOLOGO /LIBPATH:D:\coco\projects\ShootShrewmouse\proj.win32\Release.win32\ /LIBPATH:D:\coco\projects\ShootShrewmouse\proj.win32\Release.win32\ libcurl_imp.lib websockets.lib opengl32.lib glew32.lib libzlib.lib libpng.lib libjpeg.lib libtiff.lib libwebp.lib libiconv.lib glfw3.lib freetype250.lib winmm.lib ws2_32.lib kernel32.lib user32.lib gdi32.lib winspool.lib comdlg32.lib advapi32.lib shell32.lib ole32.lib oleaut32.lib uuid.lib odbc32.lib odbccp32.lib /MANIFEST /MANIFESTUAC:"level='asInvoker' uiAccess='false'" /manifest:embed /DEBUG /PDB:"D:\coco\projects\ShootShrewmouse\proj.win32\Release.win32\ShootShrewmouse.pdb" /SUBSYSTEM:WINDOWS /OPT:REF /OPT:ICF /LTCG /TLBID:1 /DYNAMICBASE /NXCOMPAT /IMPLIB:"D:\coco\projects\ShootShrewmouse\proj.win32\Release.win32\ShootShrewmouse.lib" /MACHINE:X86 /SAFESEH Release.win32\game.res
         Release.win32\AppDelegate.obj
         Release.win32\Bullet.obj
         Release.win32\Enemy.obj
         Release.win32\Entity.obj
         Release.win32\GameOverScene1.obj
         Release.win32\GameOverScene2.obj
         Release.win32\GamePlayScene1.obj
         Release.win32\HelloWorldScene.obj
         Release.win32\HelpingScene.obj
         Release.win32\SettingScene.obj
         Release.win32\main.obj
         D:\coco\projects\ShootShrewmouse\proj.win32\Release.win32\libcocos2d.lib
         D:\coco\projects\ShootShrewmouse\proj.win32\Release.win32\libAudio.lib
         D:\coco\projects\ShootShrewmouse\proj.win32\Release.win32\libchipmunk.lib
     1>MSVCRT.lib(cinitexe.obj) : warning LNK4098: 默认库“libcmt.lib”与其他库的使用冲突；请使用 /NODEFAULTLIB:library
     1>MSVCRT.lib(cinitexe.obj) : warning LNK4098: 默认库“libcmtd.lib”与其他库的使用冲突；请使用 /NODEFAULTLIB:library
         正在生成代码
         已完成代码的生成
     1>libjpeg.lib(jcapimin.obj) : warning LNK4204: “D:\coco\projects\ShootShrewmouse\proj.win32\Release.win32\vc110.pdb”缺少引用模块的调试信息；正在链接对象，如同没有调试信息一样
     1>libjpeg.lib(jcapistd.obj) : warning LNK4204: “D:\coco\projects\ShootShrewmouse\proj.win32\Release.win32\vc110.pdb”缺少引用模块的调试信息；正在链接对象，如同没有调试信息一样
     1>libjpeg.lib(jcarith.obj) : warning LNK4204: “D:\coco\projects\ShootShrewmouse\proj.win32\Release.win32\vc110.pdb”缺少引用模块的调试信息；正在链接对象，如同没有调试信息一样
     1>libjpeg.lib(jcparam.obj) : warning LNK4204: “D:\coco\projects\ShootShrewmouse\proj.win32\Release.win32\vc110.pdb”缺少引用模块的调试信息；正在链接对象，如同没有调试信息一样
     1>libjpeg.lib(jdatadst.obj) : warning LNK4204: “D:\coco\projects\ShootShrewmouse\proj.win32\Release.win32\vc110.pdb”缺少引用模块的调试信息；正在链接对象，如同没有调试信息一样
     1>libjpeg.lib(jcinit.obj) : warning LNK4204: “D:\coco\projects\ShootShrewmouse\proj.win32\Release.win32\vc110.pdb”缺少引用模块的调试信息；正在链接对象，如同没有调试信息一样
     1>libjpeg.lib(jcmaster.obj) : warning LNK4204: “D:\coco\projects\ShootShrewmouse\proj.win32\Release.win32\vc110.pdb”缺少引用模块的调试信息；正在链接对象，如同没有调试信息一样
     1>libjpeg.lib(jcmarker.obj) : warning LNK4204: “D:\coco\projects\ShootShrewmouse\proj.win32\Release.win32\vc110.pdb”缺少引用模块的调试信息；正在链接对象，如同没有调试信息一样
     1>libjpeg.lib(jcmainct.obj) : warning LNK4204: “D:\coco\projects\ShootShrewmouse\proj.win32\Release.win32\vc110.pdb”缺少引用模块的调试信息；正在链接对象，如同没有调试信息一样
     1>libjpeg.lib(jcprepct.obj) : warning LNK4204: “D:\coco\projects\ShootShrewmouse\proj.win32\Release.win32\vc110.pdb”缺少引用模块的调试信息；正在链接对象，如同没有调试信息一样
     1>libjpeg.lib(jccoefct.obj) : warning LNK4204: “D:\coco\projects\ShootShrewmouse\proj.win32\Release.win32\vc110.pdb”缺少引用模块的调试信息；正在链接对象，如同没有调试信息一样
     1>libjpeg.lib(jccolor.obj) : warning LNK4204: “D:\coco\projects\ShootShrewmouse\proj.win32\Release.win32\vc110.pdb”缺少引用模块的调试信息；正在链接对象，如同没有调试信息一样
     1>libjpeg.lib(jcsample.obj) : warning LNK4204: “D:\coco\projects\ShootShrewmouse\proj.win32\Release.win32\vc110.pdb”缺少引用模块的调试信息；正在链接对象，如同没有调试信息一样
     1>libjpeg.lib(jchuff.obj) : warning LNK4204: “D:\coco\projects\ShootShrewmouse\proj.win32\Release.win32\vc110.pdb”缺少引用模块的调试信息；正在链接对象，如同没有调试信息一样
     1>libjpeg.lib(jcdctmgr.obj) : warning LNK4204: “D:\coco\projects\ShootShrewmouse\proj.win32\Release.win32\vc110.pdb”缺少引用模块的调试信息；正在链接对象，如同没有调试信息一样
     1>libjpeg.lib(jfdctfst.obj) : warning LNK4204: “D:\coco\projects\ShootShrewmouse\proj.win32\Release.win32\vc110.pdb”缺少引用模块的调试信息；正在链接对象，如同没有调试信息一样
     1>libjpeg.lib(jfdctflt.obj) : warning LNK4204: “D:\coco\projects\ShootShrewmouse\proj.win32\Release.win32\vc110.pdb”缺少引用模块的调试信息；正在链接对象，如同没有调试信息一样
     1>libjpeg.lib(jfdctint.obj) : warning LNK4204: “D:\coco\projects\ShootShrewmouse\proj.win32\Release.win32\vc110.pdb”缺少引用模块的调试信息；正在链接对象，如同没有调试信息一样
     1>libjpeg.lib(jdapimin.obj) : warning LNK4204: “D:\coco\projects\ShootShrewmouse\proj.win32\Release.win32\vc110.pdb”缺少引用模块的调试信息；正在链接对象，如同没有调试信息一样
     1>libjpeg.lib(jdapistd.obj) : warning LNK4204: “D:\coco\projects\ShootShrewmouse\proj.win32\Release.win32\vc110.pdb”缺少引用模块的调试信息；正在链接对象，如同没有调试信息一样
     1>libjpeg.lib(jdarith.obj) : warning LNK4204: “D:\coco\projects\ShootShrewmouse\proj.win32\Release.win32\vc110.pdb”缺少引用模块的调试信息；正在链接对象，如同没有调试信息一样
     1>libjpeg.lib(jdatasrc.obj) : warning LNK4204: “D:\coco\projects\ShootShrewmouse\proj.win32\Release.win32\vc110.pdb”缺少引用模块的调试信息；正在链接对象，如同没有调试信息一样
     1>libjpeg.lib(jdmaster.obj) : warning LNK4204: “D:\coco\projects\ShootShrewmouse\proj.win32\Release.win32\vc110.pdb”缺少引用模块的调试信息；正在链接对象，如同没有调试信息一样
     1>libjpeg.lib(jdinput.obj) : warning LNK4204: “D:\coco\projects\ShootShrewmouse\proj.win32\Release.win32\vc110.pdb”缺少引用模块的调试信息；正在链接对象，如同没有调试信息一样
     1>libjpeg.lib(jdmarker.obj) : warning LNK4204: “D:\coco\projects\ShootShrewmouse\proj.win32\Release.win32\vc110.pdb”缺少引用模块的调试信息；正在链接对象，如同没有调试信息一样
     1>libjpeg.lib(jdhuff.obj) : warning LNK4204: “D:\coco\projects\ShootShrewmouse\proj.win32\Release.win32\vc110.pdb”缺少引用模块的调试信息；正在链接对象，如同没有调试信息一样
     1>libjpeg.lib(jdmainct.obj) : warning LNK4204: “D:\coco\projects\ShootShrewmouse\proj.win32\Release.win32\vc110.pdb”缺少引用模块的调试信息；正在链接对象，如同没有调试信息一样
     1>libjpeg.lib(jdcoefct.obj) : warning LNK4204: “D:\coco\projects\ShootShrewmouse\proj.win32\Release.win32\vc110.pdb”缺少引用模块的调试信息；正在链接对象，如同没有调试信息一样
     1>libjpeg.lib(jdpostct.obj) : warning LNK4204: “D:\coco\projects\ShootShrewmouse\proj.win32\Release.win32\vc110.pdb”缺少引用模块的调试信息；正在链接对象，如同没有调试信息一样
     1>libjpeg.lib(jddctmgr.obj) : warning LNK4204: “D:\coco\projects\ShootShrewmouse\proj.win32\Release.win32\vc110.pdb”缺少引用模块的调试信息；正在链接对象，如同没有调试信息一样
     1>libjpeg.lib(jidctfst.obj) : warning LNK4204: “D:\coco\projects\ShootShrewmouse\proj.win32\Release.win32\vc110.pdb”缺少引用模块的调试信息；正在链接对象，如同没有调试信息一样
     1>libjpeg.lib(jidctflt.obj) : warning LNK4204: “D:\coco\projects\ShootShrewmouse\proj.win32\Release.win32\vc110.pdb”缺少引用模块的调试信息；正在链接对象，如同没有调试信息一样
     1>libjpeg.lib(jidctint.obj) : warning LNK4204: “D:\coco\projects\ShootShrewmouse\proj.win32\Release.win32\vc110.pdb”缺少引用模块的调试信息；正在链接对象，如同没有调试信息一样
     1>libjpeg.lib(jdsample.obj) : warning LNK4204: “D:\coco\projects\ShootShrewmouse\proj.win32\Release.win32\vc110.pdb”缺少引用模块的调试信息；正在链接对象，如同没有调试信息一样
     1>libjpeg.lib(jdcolor.obj) : warning LNK4204: “D:\coco\projects\ShootShrewmouse\proj.win32\Release.win32\vc110.pdb”缺少引用模块的调试信息；正在链接对象，如同没有调试信息一样
     1>libjpeg.lib(jquant1.obj) : warning LNK4204: “D:\coco\projects\ShootShrewmouse\proj.win32\Release.win32\vc110.pdb”缺少引用模块的调试信息；正在链接对象，如同没有调试信息一样
     1>libjpeg.lib(jquant2.obj) : warning LNK4204: “D:\coco\projects\ShootShrewmouse\proj.win32\Release.win32\vc110.pdb”缺少引用模块的调试信息；正在链接对象，如同没有调试信息一样
     1>libjpeg.lib(jdmerge.obj) : warning LNK4204: “D:\coco\projects\ShootShrewmouse\proj.win32\Release.win32\vc110.pdb”缺少引用模块的调试信息；正在链接对象，如同没有调试信息一样
     1>libjpeg.lib(jaricom.obj) : warning LNK4204: “D:\coco\projects\ShootShrewmouse\proj.win32\Release.win32\vc110.pdb”缺少引用模块的调试信息；正在链接对象，如同没有调试信息一样
     1>libjpeg.lib(jcomapi.obj) : warning LNK4204: “D:\coco\projects\ShootShrewmouse\proj.win32\Release.win32\vc110.pdb”缺少引用模块的调试信息；正在链接对象，如同没有调试信息一样
     1>libjpeg.lib(jutils.obj) : warning LNK4204: “D:\coco\projects\ShootShrewmouse\proj.win32\Release.win32\vc110.pdb”缺少引用模块的调试信息；正在链接对象，如同没有调试信息一样
     1>libjpeg.lib(jerror.obj) : warning LNK4204: “D:\coco\projects\ShootShrewmouse\proj.win32\Release.win32\vc110.pdb”缺少引用模块的调试信息；正在链接对象，如同没有调试信息一样
     1>libjpeg.lib(jmemmgr.obj) : warning LNK4204: “D:\coco\projects\ShootShrewmouse\proj.win32\Release.win32\vc110.pdb”缺少引用模块的调试信息；正在链接对象，如同没有调试信息一样
     1>libjpeg.lib(jmemnobs.obj) : warning LNK4204: “D:\coco\projects\ShootShrewmouse\proj.win32\Release.win32\vc110.pdb”缺少引用模块的调试信息；正在链接对象，如同没有调试信息一样
         ShootShrewmouse.vcxproj -> D:\coco\projects\ShootShrewmouse\proj.win32\Release.win32\ShootShrewmouse.exe
       FinalizeBuildStatus:
         正在删除文件“Release.win32\ShootShrewmouse.unsuccessfulbuild”。
         正在对“Release.win32\ShootShrewmouse.lastbuildstate”执行 Touch 任务。
     1>已完成生成项目“D:\coco\projects\ShootShrewmouse\proj.win32\ShootShrewmouse.vcxproj”(Build 个目标)的操作。

生成成功。

已用时间 00:02:25.95
