生成启动时间为 2015/6/21 20:09:18。
     1>项目“D:\coco\projects\ShootShrewmouse\cocos2d\cocos\audio\proj.win32\CocosDenshion.vcxproj”在节点 2 上(Build 个目标)。
     1>InitializeBuildStatus:
         正在创建“Debug.win32\libAudio.unsuccessfulbuild”，因为已指定“AlwaysCreate”。
       ClCompile:
         C:\Program Files (x86)\Microsoft Visual Studio 11.0\VC\bin\CL.exe /c /I"C:\Program Files (x86)\Microsoft SDKs\Windows\v7.1A\include" /I..\Include /ID:\coco\projects\ShootShrewmouse\cocos2d\cocos\2d\..\..\cocos /ID:\coco\projects\ShootShrewmouse\cocos2d\cocos\2d\..\..\cocos\platform\win32 /ID:\coco\projects\ShootShrewmouse\cocos2d\cocos\2d\..\..\cocos\platform\desktop /ID:\coco\projects\ShootShrewmouse\cocos2d\cocos\2d\..\..\external\glfw3\include\win32 /I"D:\coco\projects\ShootShrewmouse\cocos2d\cocos\2d\..\..\external\win32-specific\gles\include\OGLES" /ZI /nologo /W3 /WX- /MP /Od /Oy- /D WIN32 /D _DEBUG /D _WINDOWS /D _CRT_SECURE_NO_WARNINGS /D _VARIADIC_MAX=10 /Gm- /EHsc /RTC1 /MDd /GS /fp:precise /Zc:wchar_t /Zc:forScope /Fo"Debug.win32\\" /Fd"Debug.win32\vc110.pdb" /Gd /TP /wd4251 /analyze- /errorReport:prompt ..\win32\MciPlayer.cpp ..\win32\SimpleAudioEngine.cpp
         MciPlayer.cpp
         SimpleAudioEngine.cpp
     1>d:\coco\projects\shootshrewmouse\cocos2d\cocos\base\ccutils.h : warning C4819: 该文件包含不能在当前代码页(936)中表示的字符。请将该文件保存为 Unicode 格式以防止数据丢失 (..\win32\SimpleAudioEngine.cpp)
     1>d:\coco\projects\shootshrewmouse\cocos2d\cocos\2d\cclabel.h(276): warning C4244: “return”: 从“float”转换到“int”，可能丢失数据 (..\win32\SimpleAudioEngine.cpp)
       Lib:
         C:\Program Files (x86)\Microsoft Visual Studio 11.0\VC\bin\Lib.exe /OUT:"D:\coco\projects\ShootShrewmouse\proj.win32\Debug.win32\libAudio.lib" /NOLOGO Debug.win32\MciPlayer.obj
         Debug.win32\SimpleAudioEngine.obj
         CocosDenshion.vcxproj -> D:\coco\projects\ShootShrewmouse\proj.win32\Debug.win32\libAudio.lib
       FinalizeBuildStatus:
         正在删除文件“Debug.win32\libAudio.unsuccessfulbuild”。
         正在对“Debug.win32\libAudio.lastbuildstate”执行 Touch 任务。
     1>已完成生成项目“D:\coco\projects\ShootShrewmouse\cocos2d\cocos\audio\proj.win32\CocosDenshion.vcxproj”(Build 个目标)的操作。

生成成功。

已用时间 00:05:49.70
